{"C:\\dev\\GIT\\TEMP\\github\\wora\\packages\\cache-persist\\src\\Cache.ts": {"path":"C:\\dev\\GIT\\TEMP\\github\\wora\\packages\\cache-persist\\src\\Cache.ts","statementMap":{"0":{"start":{"line":1,"column":0},"end":{"line":1,"column":44}},"1":{"start":{"line":2,"column":0},"end":{"line":2,"column":42}},"2":{"start":{"line":4,"column":0},"end":{"line":4,"column":46}},"3":{"start":{"line":6,"column":0},"end":{"line":6,"column":null}},"4":{"start":{"line":14,"column":4},"end":{"line":14,"column":16}},"5":{"start":{"line":14,"column":16},"end":{"line":14,"column":null}},"6":{"start":{"line":8,"column":12},"end":{"line":8,"column":33}},"7":{"start":{"line":9,"column":12},"end":{"line":9,"column":31}},"8":{"start":{"line":10,"column":12},"end":{"line":10,"column":57}},"9":{"start":{"line":16,"column":12},"end":{"line":16,"column":28}},"10":{"start":{"line":17,"column":12},"end":{"line":17,"column":28}},"11":{"start":{"line":18,"column":12},"end":{"line":18,"column":23}},"12":{"start":{"line":19,"column":12},"end":{"line":19,"column":32}},"13":{"start":{"line":20,"column":12},"end":{"line":20,"column":34}},"14":{"start":{"line":21,"column":12},"end":{"line":21,"column":47}},"15":{"start":{"line":22,"column":12},"end":{"line":22,"column":61}},"16":{"start":{"line":23,"column":12},"end":{"line":23,"column":20}},"17":{"start":{"line":25,"column":31},"end":{"line":31,"column":10}},"18":{"start":{"line":30,"column":47},"end":{"line":30,"column":null}},"19":{"start":{"line":32,"column":8},"end":{"line":32,"column":45}},"20":{"start":{"line":33,"column":8},"end":{"line":33,"column":53}},"21":{"start":{"line":34,"column":8},"end":{"line":34,"column":117}},"22":{"start":{"line":37,"column":11},"end":{"line":39,"column":null}},"23":{"start":{"line":38,"column":8},"end":{"line":38,"column":31}},"24":{"start":{"line":41,"column":11},"end":{"line":56,"column":null}},"25":{"start":{"line":41,"column":4},"end":{"line":41,"column":11}},"26":{"start":{"line":42,"column":8},"end":{"line":44,"column":null}},"27":{"start":{"line":43,"column":12},"end":{"line":43,"column":40}},"28":{"start":{"line":45,"column":8},"end":{"line":54,"column":15}},"29":{"start":{"line":48,"column":16},"end":{"line":48,"column":35}},"30":{"start":{"line":49,"column":16},"end":{"line":49,"column":39}},"31":{"start":{"line":50,"column":16},"end":{"line":50,"column":28}},"32":{"start":{"line":53,"column":16},"end":{"line":53,"column":24}},"33":{"start":{"line":55,"column":8},"end":{"line":55,"column":36}},"34":{"start":{"line":58,"column":11},"end":{"line":61,"column":null}},"35":{"start":{"line":59,"column":8},"end":{"line":59,"column":79}},"36":{"start":{"line":60,"column":8},"end":{"line":60,"column":50}},"37":{"start":{"line":63,"column":11},"end":{"line":66,"column":null}},"38":{"start":{"line":64,"column":8},"end":{"line":64,"column":40}},"39":{"start":{"line":65,"column":8},"end":{"line":65,"column":41}},"40":{"start":{"line":68,"column":11},"end":{"line":70,"column":null}},"41":{"start":{"line":69,"column":8},"end":{"line":69,"column":28}},"42":{"start":{"line":73,"column":11},"end":{"line":75,"column":null}},"43":{"start":{"line":74,"column":8},"end":{"line":74,"column":25}},"44":{"start":{"line":77,"column":11},"end":{"line":79,"column":null}},"45":{"start":{"line":78,"column":8},"end":{"line":78,"column":31}},"46":{"start":{"line":81,"column":11},"end":{"line":83,"column":null}},"47":{"start":{"line":82,"column":8},"end":{"line":82,"column":30}},"48":{"start":{"line":89,"column":11},"end":{"line":92,"column":null}},"49":{"start":{"line":89,"column":37},"end":{"line":89,"column":null}},"50":{"start":{"line":90,"column":8},"end":{"line":90,"column":31}},"51":{"start":{"line":91,"column":8},"end":{"line":91,"column":62}},"52":{"start":{"line":96,"column":11},"end":{"line":98,"column":null}},"53":{"start":{"line":96,"column":31},"end":{"line":96,"column":null}},"54":{"start":{"line":97,"column":8},"end":{"line":97,"column":44}},"55":{"start":{"line":102,"column":11},"end":{"line":105,"column":null}},"56":{"start":{"line":102,"column":31},"end":{"line":102,"column":null}},"57":{"start":{"line":103,"column":8},"end":{"line":103,"column":30}},"58":{"start":{"line":104,"column":8},"end":{"line":104,"column":58}},"59":{"start":{"line":107,"column":11},"end":{"line":109,"column":null}},"60":{"start":{"line":108,"column":8},"end":{"line":108,"column":38}},"61":{"start":{"line":111,"column":11},"end":{"line":116,"column":null}},"62":{"start":{"line":111,"column":4},"end":{"line":111,"column":11}},"63":{"start":{"line":112,"column":29},"end":{"line":112,"column":41}},"64":{"start":{"line":113,"column":24},"end":{"line":113,"column":43}},"65":{"start":{"line":113,"column":39},"end":{"line":113,"column":79}},"66":{"start":{"line":114,"column":8},"end":{"line":114,"column":45}},"67":{"start":{"line":115,"column":8},"end":{"line":115,"column":23}},"68":{"start":{"line":118,"column":11},"end":{"line":121,"column":null}},"69":{"start":{"line":118,"column":18},"end":{"line":118,"column":null}},"70":{"start":{"line":119,"column":16},"end":{"line":119,"column":39}},"71":{"start":{"line":119,"column":41},"end":{"line":119,"column":52}},"72":{"start":{"line":120,"column":8},"end":{"line":120,"column":91}},"73":{"start":{"line":120,"column":53},"end":{"line":120,"column":90}},"74":{"start":{"line":122,"column":0},"end":{"line":122,"column":null}},"75":{"start":{"line":124,"column":0},"end":{"line":124,"column":21}}},"fnMap":{"0":{"name":"(anonymous_0)","decl":{"start":{"line":6,"column":0},"end":{"line":6,"column":null}},"loc":{"start":{"line":6,"column":0},"end":{"line":122,"column":null}}},"1":{"name":"Cache","decl":{"start":{"line":14,"column":4},"end":{"line":14,"column":16}},"loc":{"start":{"line":14,"column":42},"end":{"line":35,"column":5}}},"2":{"name":"(anonymous_2)","decl":{"start":{"line":22,"column":12},"end":{"line":22,"column":61}},"loc":{"start":{"line":22,"column":12},"end":{"line":22,"column":61}}},"3":{"name":"(anonymous_3)","decl":{"start":{"line":30,"column":27},"end":{"line":30,"column":28}},"loc":{"start":{"line":30,"column":33},"end":{"line":30,"column":60}}},"4":{"name":"(anonymous_4)","decl":{"start":{"line":37,"column":4},"end":{"line":37,"column":11}},"loc":{"start":{"line":37,"column":4},"end":{"line":39,"column":5}}},"5":{"name":"(anonymous_5)","decl":{"start":{"line":41,"column":4},"end":{"line":41,"column":11}},"loc":{"start":{"line":41,"column":4},"end":{"line":56,"column":5}}},"6":{"name":"(anonymous_6)","decl":{"start":{"line":47,"column":18},"end":{"line":47,"column":19}},"loc":{"start":{"line":47,"column":25},"end":{"line":51,"column":13}}},"7":{"name":"(anonymous_7)","decl":{"start":{"line":52,"column":19},"end":{"line":52,"column":20}},"loc":{"start":{"line":52,"column":21},"end":{"line":54,"column":13}}},"8":{"name":"(anonymous_8)","decl":{"start":{"line":58,"column":4},"end":{"line":58,"column":11}},"loc":{"start":{"line":58,"column":26},"end":{"line":61,"column":5}}},"9":{"name":"(anonymous_9)","decl":{"start":{"line":63,"column":4},"end":{"line":63,"column":11}},"loc":{"start":{"line":63,"column":4},"end":{"line":66,"column":5}}},"10":{"name":"(anonymous_10)","decl":{"start":{"line":68,"column":4},"end":{"line":68,"column":11}},"loc":{"start":{"line":68,"column":4},"end":{"line":70,"column":5}}},"11":{"name":"(anonymous_11)","decl":{"start":{"line":73,"column":4},"end":{"line":73,"column":11}},"loc":{"start":{"line":73,"column":4},"end":{"line":75,"column":5}}},"12":{"name":"(anonymous_12)","decl":{"start":{"line":77,"column":4},"end":{"line":77,"column":11}},"loc":{"start":{"line":77,"column":4},"end":{"line":79,"column":5}}},"13":{"name":"(anonymous_13)","decl":{"start":{"line":81,"column":4},"end":{"line":81,"column":11}},"loc":{"start":{"line":81,"column":26},"end":{"line":83,"column":5}}},"14":{"name":"(anonymous_14)","decl":{"start":{"line":89,"column":4},"end":{"line":89,"column":11}},"loc":{"start":{"line":89,"column":57},"end":{"line":92,"column":5}}},"15":{"name":"(anonymous_15)","decl":{"start":{"line":96,"column":4},"end":{"line":96,"column":11}},"loc":{"start":{"line":96,"column":51},"end":{"line":98,"column":5}}},"16":{"name":"(anonymous_16)","decl":{"start":{"line":102,"column":4},"end":{"line":102,"column":11}},"loc":{"start":{"line":102,"column":51},"end":{"line":105,"column":5}}},"17":{"name":"(anonymous_17)","decl":{"start":{"line":107,"column":4},"end":{"line":107,"column":11}},"loc":{"start":{"line":107,"column":4},"end":{"line":109,"column":5}}},"18":{"name":"(anonymous_18)","decl":{"start":{"line":111,"column":4},"end":{"line":111,"column":11}},"loc":{"start":{"line":111,"column":64},"end":{"line":116,"column":5}}},"19":{"name":"(anonymous_19)","decl":{"start":{"line":113,"column":24},"end":{"line":113,"column":39}},"loc":{"start":{"line":113,"column":24},"end":{"line":113,"column":43}}},"20":{"name":"(anonymous_20)","decl":{"start":{"line":118,"column":4},"end":{"line":118,"column":11}},"loc":{"start":{"line":118,"column":61},"end":{"line":121,"column":5}}},"21":{"name":"(anonymous_21)","decl":{"start":{"line":120,"column":35},"end":{"line":120,"column":36}},"loc":{"start":{"line":120,"column":48},"end":{"line":120,"column":65}}}},"branchMap":{"0":{"loc":{"start":{"line":14,"column":16},"end":{"line":14,"column":null}},"type":"if","locations":[{"start":{"line":14,"column":16},"end":{"line":14,"column":null}},{"start":{"line":14,"column":16},"end":{"line":14,"column":null}}]},"1":{"loc":{"start":{"line":16,"column":12},"end":{"line":16,"column":28}},"type":"cond-expr","locations":[{"start":{"line":16,"column":12},"end":{"line":16,"column":28}},{"start":{"line":16,"column":12},"end":{"line":16,"column":28}}]},"2":{"loc":{"start":{"line":17,"column":12},"end":{"line":17,"column":28}},"type":"cond-expr","locations":[{"start":{"line":17,"column":12},"end":{"line":17,"column":28}},{"start":{"line":17,"column":12},"end":{"line":17,"column":28}}]},"3":{"loc":{"start":{"line":18,"column":12},"end":{"line":18,"column":23}},"type":"cond-expr","locations":[{"start":{"line":18,"column":12},"end":{"line":18,"column":23}},{"start":{"line":18,"column":12},"end":{"line":18,"column":23}}]},"4":{"loc":{"start":{"line":19,"column":12},"end":{"line":19,"column":32}},"type":"cond-expr","locations":[{"start":{"line":19,"column":12},"end":{"line":19,"column":32}},{"start":{"line":19,"column":12},"end":{"line":19,"column":32}}]},"5":{"loc":{"start":{"line":20,"column":12},"end":{"line":20,"column":34}},"type":"cond-expr","locations":[{"start":{"line":20,"column":12},"end":{"line":20,"column":34}},{"start":{"line":20,"column":12},"end":{"line":20,"column":34}}]},"6":{"loc":{"start":{"line":21,"column":12},"end":{"line":21,"column":47}},"type":"cond-expr","locations":[{"start":{"line":21,"column":12},"end":{"line":21,"column":47}},{"start":{"line":21,"column":12},"end":{"line":21,"column":47}}]},"7":{"loc":{"start":{"line":22,"column":12},"end":{"line":22,"column":61}},"type":"cond-expr","locations":[{"start":{"line":22,"column":12},"end":{"line":22,"column":61}},{"start":{"line":22,"column":12},"end":{"line":22,"column":61}}]},"8":{"loc":{"start":{"line":33,"column":26},"end":{"line":33,"column":40}},"type":"binary-expr","locations":[{"start":{"line":33,"column":26},"end":{"line":33,"column":40}},{"start":{"line":33,"column":44},"end":{"line":33,"column":52}}]},"9":{"loc":{"start":{"line":34,"column":46},"end":{"line":34,"column":66}},"type":"cond-expr","locations":[{"start":{"line":34,"column":46},"end":{"line":34,"column":66}},{"start":{"line":34,"column":69},"end":{"line":34,"column":116}}]},"10":{"loc":{"start":{"line":42,"column":8},"end":{"line":44,"column":null}},"type":"if","locations":[{"start":{"line":42,"column":8},"end":{"line":44,"column":null}},{"start":{"line":42,"column":8},"end":{"line":44,"column":null}}]},"11":{"loc":{"start":{"line":59,"column":30},"end":{"line":59,"column":56}},"type":"cond-expr","locations":[{"start":{"line":59,"column":30},"end":{"line":59,"column":56}},{"start":{"line":59,"column":59},"end":{"line":59,"column":78}}]},"12":{"loc":{"start":{"line":89,"column":37},"end":{"line":89,"column":null}},"type":"if","locations":[{"start":{"line":89,"column":37},"end":{"line":89,"column":null}},{"start":{"line":89,"column":37},"end":{"line":89,"column":null}}]},"13":{"loc":{"start":{"line":96,"column":31},"end":{"line":96,"column":null}},"type":"if","locations":[{"start":{"line":96,"column":31},"end":{"line":96,"column":null}},{"start":{"line":96,"column":31},"end":{"line":96,"column":null}}]},"14":{"loc":{"start":{"line":102,"column":31},"end":{"line":102,"column":null}},"type":"if","locations":[{"start":{"line":102,"column":31},"end":{"line":102,"column":null}},{"start":{"line":102,"column":31},"end":{"line":102,"column":null}}]},"15":{"loc":{"start":{"line":118,"column":18},"end":{"line":118,"column":null}},"type":"if","locations":[{"start":{"line":118,"column":18},"end":{"line":118,"column":null}},{"start":{"line":118,"column":18},"end":{"line":118,"column":null}}]},"16":{"loc":{"start":{"line":119,"column":16},"end":{"line":119,"column":39}},"type":"cond-expr","locations":[{"start":{"line":119,"column":16},"end":{"line":119,"column":39}},{"start":{"line":119,"column":16},"end":{"line":119,"column":39}}]},"17":{"loc":{"start":{"line":119,"column":41},"end":{"line":119,"column":52}},"type":"cond-expr","locations":[{"start":{"line":119,"column":41},"end":{"line":119,"column":52}},{"start":{"line":119,"column":41},"end":{"line":119,"column":52}}]}},"s":{"0":1,"1":1,"2":1,"3":1,"4":11,"5":14,"6":11,"7":11,"8":11,"9":22,"10":22,"11":22,"12":22,"13":22,"14":22,"15":22,"16":11,"17":11,"18":0,"19":11,"20":11,"21":11,"22":1,"23":15,"24":1,"25":10,"26":10,"27":0,"28":10,"29":10,"30":10,"31":10,"32":0,"33":10,"34":1,"35":1,"36":1,"37":1,"38":4,"39":4,"40":1,"41":0,"42":1,"43":16,"44":1,"45":3,"46":1,"47":13079,"48":1,"49":40373,"50":20210,"51":20210,"52":1,"53":80,"54":40,"55":1,"56":14167,"57":7085,"58":7085,"59":1,"60":12,"61":1,"62":1,"63":1,"64":1,"65":1,"66":1,"67":1,"68":1,"69":6,"70":6,"71":6,"72":3,"73":2,"74":1,"75":1},"f":{"0":1,"1":11,"2":0,"3":0,"4":15,"5":10,"6":10,"7":0,"8":1,"9":4,"10":0,"11":16,"12":3,"13":13079,"14":20210,"15":40,"16":7085,"17":12,"18":1,"19":1,"20":3,"21":2},"b":{"0":[3,8],"1":[11,0],"2":[11,0],"3":[8,3],"4":[11,0],"5":[9,2],"6":[5,6],"7":[11,0],"8":[11,9],"9":[2,9],"10":[0,10],"11":[1,0],"12":[20163,47],"13":[40,0],"14":[7082,3],"15":[3,0],"16":[3,0],"17":[3,0]}}
,"C:\\dev\\GIT\\TEMP\\github\\wora\\packages\\cache-persist\\src\\NoStorageProxy.ts": {"path":"C:\\dev\\GIT\\TEMP\\github\\wora\\packages\\cache-persist\\src\\NoStorageProxy.ts","statementMap":{"0":{"start":{"line":2,"column":0},"end":{"line":2,"column":60}},"1":{"start":{"line":4,"column":0},"end":{"line":4,"column":null}},"2":{"start":{"line":5,"column":11},"end":{"line":7,"column":null}},"3":{"start":{"line":6,"column":8},"end":{"line":6,"column":41}},"4":{"start":{"line":6,"column":35},"end":{"line":6,"column":40}},"5":{"start":{"line":9,"column":11},"end":{"line":13,"column":null}},"6":{"start":{"line":10,"column":8},"end":{"line":12,"column":11}},"7":{"start":{"line":11,"column":12},"end":{"line":11,"column":22}},"8":{"start":{"line":15,"column":11},"end":{"line":17,"column":null}},"9":{"start":{"line":16,"column":8},"end":{"line":16,"column":29}},"10":{"start":{"line":21,"column":4},"end":{"line":25,"column":null}},"11":{"start":{"line":22,"column":8},"end":{"line":24,"column":null}},"12":{"start":{"line":23,"column":12},"end":{"line":23,"column":33}},"13":{"start":{"line":29,"column":4},"end":{"line":33,"column":null}},"14":{"start":{"line":30,"column":8},"end":{"line":32,"column":null}},"15":{"start":{"line":31,"column":12},"end":{"line":31,"column":33}},"16":{"start":{"line":34,"column":0},"end":{"line":34,"column":null}},"17":{"start":{"line":36,"column":0},"end":{"line":36,"column":30}}},"fnMap":{"0":{"name":"(anonymous_0)","decl":{"start":{"line":4,"column":0},"end":{"line":4,"column":null}},"loc":{"start":{"line":4,"column":0},"end":{"line":34,"column":null}}},"1":{"name":"(anonymous_2)","decl":{"start":{"line":5,"column":4},"end":{"line":5,"column":11}},"loc":{"start":{"line":5,"column":4},"end":{"line":7,"column":5}}},"2":{"name":"(anonymous_3)","decl":{"start":{"line":6,"column":29},"end":{"line":6,"column":35}},"loc":{"start":{"line":6,"column":29},"end":{"line":6,"column":39}}},"3":{"name":"(anonymous_4)","decl":{"start":{"line":9,"column":4},"end":{"line":9,"column":11}},"loc":{"start":{"line":9,"column":4},"end":{"line":13,"column":5}}},"4":{"name":"(anonymous_5)","decl":{"start":{"line":10,"column":29},"end":{"line":10,"column":null}},"loc":{"start":{"line":10,"column":29},"end":{"line":12,"column":9}}},"5":{"name":"(anonymous_6)","decl":{"start":{"line":15,"column":4},"end":{"line":15,"column":11}},"loc":{"start":{"line":15,"column":29},"end":{"line":17,"column":5}}},"6":{"name":"(anonymous_7)","decl":{"start":{"line":21,"column":4},"end":{"line":21,"column":11}},"loc":{"start":{"line":21,"column":47},"end":{"line":25,"column":5}}},"7":{"name":"(anonymous_8)","decl":{"start":{"line":29,"column":4},"end":{"line":29,"column":14}},"loc":{"start":{"line":29,"column":38},"end":{"line":33,"column":5}}}},"branchMap":{"0":{"loc":{"start":{"line":22,"column":8},"end":{"line":24,"column":null}},"type":"if","locations":[{"start":{"line":22,"column":8},"end":{"line":24,"column":null}},{"start":{"line":22,"column":8},"end":{"line":24,"column":null}}]},"1":{"loc":{"start":{"line":30,"column":8},"end":{"line":32,"column":null}},"type":"if","locations":[{"start":{"line":30,"column":8},"end":{"line":32,"column":null}},{"start":{"line":30,"column":8},"end":{"line":32,"column":null}}]}},"s":{"0":1,"1":1,"2":1,"3":2,"4":2,"5":1,"6":1,"7":1,"8":1,"9":1,"10":1,"11":4,"12":2,"13":1,"14":2,"15":1,"16":1,"17":1},"f":{"0":3,"1":2,"2":2,"3":1,"4":1,"5":1,"6":4,"7":2},"b":{"0":[2,2],"1":[1,1]}}
,"C:\\dev\\GIT\\TEMP\\github\\wora\\packages\\cache-persist\\src\\Queue.ts": {"path":"C:\\dev\\GIT\\TEMP\\github\\wora\\packages\\cache-persist\\src\\Queue.ts","statementMap":{"0":{"start":{"line":91,"column":18},"end":{"line":91,"column":22}},"1":{"start":{"line":92,"column":22},"end":{"line":92,"column":27}},"2":{"start":{"line":99,"column":33},"end":{"line":99,"column":35}},"3":{"start":{"line":100,"column":12},"end":{"line":100,"column":19}},"4":{"start":{"line":100,"column":21},"end":{"line":100,"column":35}},"5":{"start":{"line":100,"column":37},"end":{"line":100,"column":78}},"6":{"start":{"line":103,"column":8},"end":{"line":103,"column":27}},"7":{"start":{"line":105,"column":26},"end":{"line":105,"column":62}},"8":{"start":{"line":106,"column":8},"end":{"line":126,"column":15}},"9":{"start":{"line":108,"column":16},"end":{"line":110,"column":null}},"10":{"start":{"line":109,"column":20},"end":{"line":109,"column":34}},"11":{"start":{"line":116,"column":16},"end":{"line":118,"column":null}},"12":{"start":{"line":117,"column":20},"end":{"line":117,"column":33}},"13":{"start":{"line":119,"column":16},"end":{"line":119,"column":37}},"14":{"start":{"line":122,"column":16},"end":{"line":122,"column":24}},"15":{"start":{"line":123,"column":16},"end":{"line":125,"column":null}},"16":{"start":{"line":124,"column":20},"end":{"line":124,"column":32}},"17":{"start":{"line":130,"column":8},"end":{"line":132,"column":null}},"18":{"start":{"line":131,"column":12},"end":{"line":131,"column":25}},"19":{"start":{"line":133,"column":8},"end":{"line":133,"column":23}},"20":{"start":{"line":137,"column":8},"end":{"line":137,"column":22}},"21":{"start":{"line":138,"column":8},"end":{"line":138,"column":27}},"22":{"start":{"line":139,"column":8},"end":{"line":139,"column":28}},"23":{"start":{"line":143,"column":8},"end":{"line":143,"column":29}},"24":{"start":{"line":143,"column":22},"end":{"line":143,"column":29}},"25":{"start":{"line":144,"column":8},"end":{"line":144,"column":30}},"26":{"start":{"line":145,"column":8},"end":{"line":145,"column":23}},"27":{"start":{"line":149,"column":8},"end":{"line":149,"column":22}},"28":{"start":{"line":150,"column":8},"end":{"line":150,"column":53}},"29":{"start":{"line":154,"column":8},"end":{"line":156,"column":null}},"30":{"start":{"line":155,"column":12},"end":{"line":155,"column":27}},"31":{"start":{"line":162,"column":8},"end":{"line":168,"column":null}},"32":{"start":{"line":164,"column":12},"end":{"line":167,"column":15}},"33":{"start":{"line":165,"column":16},"end":{"line":165,"column":36}},"34":{"start":{"line":166,"column":16},"end":{"line":166,"column":38}},"35":{"start":{"line":173,"column":8},"end":{"line":173,"column":24}},"36":{"start":{"line":174,"column":8},"end":{"line":174,"column":20}},"37":{"start":{"line":175,"column":8},"end":{"line":177,"column":null}},"38":{"start":{"line":176,"column":12},"end":{"line":176,"column":31}},"39":{"start":{"line":180,"column":4},"end":{"line":182,"column":6}},"40":{"start":{"line":185,"column":0},"end":{"line":185,"column":21}}},"fnMap":{"0":{"name":"Queue","decl":{"start":{"line":90,"column":9},"end":{"line":90,"column":14}},"loc":{"start":{"line":90,"column":133},"end":{"line":183,"column":1}}},"1":{"name":"(anonymous_1)","decl":{"start":{"line":100,"column":37},"end":{"line":100,"column":78}},"loc":{"start":{"line":100,"column":37},"end":{"line":100,"column":78}}},"2":{"name":"invokeFunc","decl":{"start":{"line":102,"column":13},"end":{"line":102,"column":23}},"loc":{"start":{"line":102,"column":23},"end":{"line":127,"column":5}}},"3":{"name":"(anonymous_3)","decl":{"start":{"line":107,"column":18},"end":{"line":107,"column":null}},"loc":{"start":{"line":107,"column":18},"end":{"line":114,"column":13}}},"4":{"name":"(anonymous_4)","decl":{"start":{"line":115,"column":19},"end":{"line":115,"column":20}},"loc":{"start":{"line":115,"column":25},"end":{"line":120,"column":13}}},"5":{"name":"(anonymous_5)","decl":{"start":{"line":121,"column":21},"end":{"line":121,"column":null}},"loc":{"start":{"line":121,"column":21},"end":{"line":126,"column":13}}},"6":{"name":"timerExpired","decl":{"start":{"line":129,"column":13},"end":{"line":129,"column":25}},"loc":{"start":{"line":129,"column":25},"end":{"line":134,"column":5}}},"7":{"name":"clear","decl":{"start":{"line":136,"column":13},"end":{"line":136,"column":18}},"loc":{"start":{"line":136,"column":18},"end":{"line":140,"column":5}}},"8":{"name":"cancelTimer","decl":{"start":{"line":142,"column":13},"end":{"line":142,"column":24}},"loc":{"start":{"line":142,"column":24},"end":{"line":146,"column":5}}},"9":{"name":"setNextTimer","decl":{"start":{"line":148,"column":13},"end":{"line":148,"column":25}},"loc":{"start":{"line":148,"column":25},"end":{"line":151,"column":5}}},"10":{"name":"debounced","decl":{"start":{"line":153,"column":13},"end":{"line":153,"column":22}},"loc":{"start":{"line":153,"column":22},"end":{"line":157,"column":5}}},"11":{"name":"push","decl":{"start":{"line":161,"column":13},"end":{"line":161,"column":17}},"loc":{"start":{"line":161,"column":41},"end":{"line":178,"column":5}}},"12":{"name":"(anonymous_12)","decl":{"start":{"line":164,"column":38},"end":{"line":164,"column":39}},"loc":{"start":{"line":164,"column":54},"end":{"line":167,"column":13}}}},"branchMap":{"0":{"loc":{"start":{"line":100,"column":21},"end":{"line":100,"column":35}},"type":"cond-expr","locations":[{"start":{"line":100,"column":21},"end":{"line":100,"column":35}},{"start":{"line":100,"column":21},"end":{"line":100,"column":35}}]},"1":{"loc":{"start":{"line":100,"column":37},"end":{"line":100,"column":78}},"type":"cond-expr","locations":[{"start":{"line":100,"column":37},"end":{"line":100,"column":78}},{"start":{"line":100,"column":37},"end":{"line":100,"column":78}}]},"2":{"loc":{"start":{"line":108,"column":16},"end":{"line":110,"column":null}},"type":"if","locations":[{"start":{"line":108,"column":16},"end":{"line":110,"column":null}},{"start":{"line":108,"column":16},"end":{"line":110,"column":null}}]},"3":{"loc":{"start":{"line":116,"column":16},"end":{"line":118,"column":null}},"type":"if","locations":[{"start":{"line":116,"column":16},"end":{"line":118,"column":null}},{"start":{"line":116,"column":16},"end":{"line":118,"column":null}}]},"4":{"loc":{"start":{"line":123,"column":16},"end":{"line":125,"column":null}},"type":"if","locations":[{"start":{"line":123,"column":16},"end":{"line":125,"column":null}},{"start":{"line":123,"column":16},"end":{"line":125,"column":null}}]},"5":{"loc":{"start":{"line":130,"column":8},"end":{"line":132,"column":null}},"type":"if","locations":[{"start":{"line":130,"column":8},"end":{"line":132,"column":null}},{"start":{"line":130,"column":8},"end":{"line":132,"column":null}}]},"6":{"loc":{"start":{"line":143,"column":8},"end":{"line":143,"column":29}},"type":"if","locations":[{"start":{"line":143,"column":8},"end":{"line":143,"column":29}},{"start":{"line":143,"column":8},"end":{"line":143,"column":29}}]},"7":{"loc":{"start":{"line":154,"column":8},"end":{"line":156,"column":null}},"type":"if","locations":[{"start":{"line":154,"column":8},"end":{"line":156,"column":null}},{"start":{"line":154,"column":8},"end":{"line":156,"column":null}}]},"8":{"loc":{"start":{"line":162,"column":8},"end":{"line":168,"column":null}},"type":"if","locations":[{"start":{"line":162,"column":8},"end":{"line":168,"column":null}},{"start":{"line":162,"column":8},"end":{"line":168,"column":null}}]},"9":{"loc":{"start":{"line":162,"column":12},"end":{"line":162,"column":24}},"type":"binary-expr","locations":[{"start":{"line":162,"column":12},"end":{"line":162,"column":24}},{"start":{"line":162,"column":28},"end":{"line":162,"column":35}}]},"10":{"loc":{"start":{"line":175,"column":8},"end":{"line":177,"column":null}},"type":"if","locations":[{"start":{"line":175,"column":8},"end":{"line":177,"column":null}},{"start":{"line":175,"column":8},"end":{"line":177,"column":null}}]}},"s":{"0":9,"1":9,"2":9,"3":9,"4":18,"5":18,"6":12,"7":12,"8":12,"9":12,"10":7,"11":0,"12":0,"13":0,"14":12,"15":12,"16":0,"17":12,"18":12,"19":12,"20":12,"21":12,"22":12,"23":36,"24":12,"25":24,"26":24,"27":24,"28":24,"29":27289,"30":12,"31":27289,"32":7,"33":7,"34":7,"35":27289,"36":27289,"37":27289,"38":7,"39":9,"40":1},"f":{"0":9,"1":0,"2":12,"3":12,"4":0,"5":12,"6":12,"7":12,"8":36,"9":24,"10":27289,"11":27289,"12":7},"b":{"0":[9,0],"1":[0,9],"2":[7,5],"3":[0,0],"4":[0,12],"5":[12,0],"6":[12,24],"7":[12,27277],"8":[7,27282],"9":[27289,27289],"10":[7,27282]}}
,"C:\\dev\\GIT\\TEMP\\github\\wora\\packages\\cache-persist\\src\\StorageProxy.ts": {"path":"C:\\dev\\GIT\\TEMP\\github\\wora\\packages\\cache-persist\\src\\StorageProxy.ts","statementMap":{"0":{"start":{"line":1,"column":0},"end":{"line":1,"column":51}},"1":{"start":{"line":2,"column":0},"end":{"line":2,"column":47}},"2":{"start":{"line":4,"column":0},"end":{"line":4,"column":28}},"3":{"start":{"line":7,"column":4},"end":{"line":7,"column":38}},"4":{"start":{"line":6,"column":0},"end":{"line":6,"column":16}},"5":{"start":{"line":10,"column":28},"end":{"line":10,"column":null}},"6":{"start":{"line":10,"column":50},"end":{"line":10,"column":null}},"7":{"start":{"line":11,"column":4},"end":{"line":11,"column":34}},"8":{"start":{"line":10,"column":0},"end":{"line":10,"column":16}},"9":{"start":{"line":14,"column":0},"end":{"line":14,"column":null}},"10":{"start":{"line":29,"column":4},"end":{"line":29,"column":16}},"11":{"start":{"line":29,"column":45},"end":{"line":29,"column":null}},"12":{"start":{"line":16,"column":12},"end":{"line":16,"column":39}},"13":{"start":{"line":30,"column":16},"end":{"line":30,"column":22}},"14":{"start":{"line":30,"column":24},"end":{"line":30,"column":33}},"15":{"start":{"line":30,"column":35},"end":{"line":30,"column":41}},"16":{"start":{"line":30,"column":43},"end":{"line":30,"column":56}},"17":{"start":{"line":30,"column":58},"end":{"line":30,"column":66}},"18":{"start":{"line":31,"column":8},"end":{"line":31,"column":27}},"19":{"start":{"line":32,"column":8},"end":{"line":36,"column":11}},"20":{"start":{"line":35,"column":50},"end":{"line":35,"column":null}},"21":{"start":{"line":37,"column":8},"end":{"line":37,"column":85}},"22":{"start":{"line":38,"column":8},"end":{"line":38,"column":49}},"23":{"start":{"line":39,"column":8},"end":{"line":39,"column":82}},"24":{"start":{"line":40,"column":8},"end":{"line":62,"column":27}},"25":{"start":{"line":41,"column":36},"end":{"line":45,"column":null}},"26":{"start":{"line":42,"column":25},"end":{"line":42,"column":49}},"27":{"start":{"line":42,"column":49},"end":{"line":42,"column":56}},"28":{"start":{"line":42,"column":54},"end":{"line":42,"column":56}},"29":{"start":{"line":43,"column":20},"end":{"line":43,"column":54}},"30":{"start":{"line":42,"column":56},"end":{"line":42,"column":null}},"31":{"start":{"line":46,"column":33},"end":{"line":54,"column":null}},"32":{"start":{"line":47,"column":22},"end":{"line":47,"column":54}},"33":{"start":{"line":48,"column":25},"end":{"line":48,"column":49}},"34":{"start":{"line":48,"column":49},"end":{"line":48,"column":56}},"35":{"start":{"line":48,"column":54},"end":{"line":48,"column":56}},"36":{"start":{"line":49,"column":26},"end":{"line":49,"column":48}},"37":{"start":{"line":50,"column":34},"end":{"line":50,"column":null}},"38":{"start":{"line":50,"column":26},"end":{"line":50,"column":null}},"39":{"start":{"line":51,"column":20},"end":{"line":51,"column":44}},"40":{"start":{"line":48,"column":56},"end":{"line":48,"column":null}},"41":{"start":{"line":53,"column":16},"end":{"line":53,"column":28}},"42":{"start":{"line":55,"column":56},"end":{"line":60,"column":null}},"43":{"start":{"line":56,"column":25},"end":{"line":56,"column":50}},"44":{"start":{"line":56,"column":50},"end":{"line":56,"column":57}},"45":{"start":{"line":56,"column":55},"end":{"line":56,"column":57}},"46":{"start":{"line":57,"column":26},"end":{"line":57,"column":41}},"47":{"start":{"line":58,"column":20},"end":{"line":58,"column":54}},"48":{"start":{"line":56,"column":57},"end":{"line":56,"column":null}},"49":{"start":{"line":63,"column":8},"end":{"line":63,"column":20}},"50":{"start":{"line":66,"column":11},"end":{"line":73,"column":null}},"51":{"start":{"line":66,"column":4},"end":{"line":66,"column":11}},"52":{"start":{"line":67,"column":8},"end":{"line":72,"column":10}},"53":{"start":{"line":68,"column":12},"end":{"line":71,"column":null}},"54":{"start":{"line":70,"column":28},"end":{"line":70,"column":33}},"55":{"start":{"line":71,"column":29},"end":{"line":71,"column":35}},"56":{"start":{"line":75,"column":11},"end":{"line":88,"column":null}},"57":{"start":{"line":75,"column":4},"end":{"line":75,"column":11}},"58":{"start":{"line":76,"column":8},"end":{"line":87,"column":15}},"59":{"start":{"line":78,"column":43},"end":{"line":78,"column":84}},"60":{"start":{"line":80,"column":42},"end":{"line":80,"column":44}},"61":{"start":{"line":81,"column":16},"end":{"line":85,"column":null}},"62":{"start":{"line":81,"column":29},"end":{"line":81,"column":30}},"63":{"start":{"line":81,"column":36},"end":{"line":81,"column":47}},"64":{"start":{"line":82,"column":26},"end":{"line":82,"column":27}},"65":{"start":{"line":82,"column":27},"end":{"line":82,"column":30}},"66":{"start":{"line":82,"column":32},"end":{"line":82,"column":48}},"67":{"start":{"line":83,"column":33},"end":{"line":83,"column":53}},"68":{"start":{"line":84,"column":20},"end":{"line":84,"column":46}},"69":{"start":{"line":86,"column":16},"end":{"line":86,"column":30}},"70":{"start":{"line":90,"column":11},"end":{"line":103,"column":null}},"71":{"start":{"line":90,"column":4},"end":{"line":90,"column":11}},"72":{"start":{"line":91,"column":44},"end":{"line":91,"column":46}},"73":{"start":{"line":92,"column":8},"end":{"line":102,"column":10}},"74":{"start":{"line":94,"column":16},"end":{"line":99,"column":19}},"75":{"start":{"line":94,"column":47},"end":{"line":94,"column":50}},"76":{"start":{"line":94,"column":52},"end":{"line":94,"column":57}},"77":{"start":{"line":95,"column":33},"end":{"line":95,"column":53}},"78":{"start":{"line":96,"column":20},"end":{"line":98,"column":null}},"79":{"start":{"line":97,"column":24},"end":{"line":97,"column":41}},"80":{"start":{"line":100,"column":16},"end":{"line":100,"column":52}},"81":{"start":{"line":107,"column":4},"end":{"line":113,"column":null}},"82":{"start":{"line":108,"column":8},"end":{"line":111,"column":null}},"83":{"start":{"line":109,"column":12},"end":{"line":109,"column":44}},"84":{"start":{"line":110,"column":12},"end":{"line":110,"column":49}},"85":{"start":{"line":112,"column":8},"end":{"line":112,"column":29}},"86":{"start":{"line":117,"column":4},"end":{"line":122,"column":null}},"87":{"start":{"line":118,"column":8},"end":{"line":120,"column":null}},"88":{"start":{"line":119,"column":12},"end":{"line":119,"column":49}},"89":{"start":{"line":121,"column":8},"end":{"line":121,"column":29}},"90":{"start":{"line":124,"column":11},"end":{"line":154,"column":null}},"91":{"start":{"line":125,"column":26},"end":{"line":125,"column":49}},"92":{"start":{"line":126,"column":27},"end":{"line":126,"column":29}},"93":{"start":{"line":127,"column":26},"end":{"line":127,"column":28}},"94":{"start":{"line":128,"column":8},"end":{"line":143,"column":null}},"95":{"start":{"line":128,"column":21},"end":{"line":128,"column":22}},"96":{"start":{"line":128,"column":28},"end":{"line":128,"column":44}},"97":{"start":{"line":129,"column":24},"end":{"line":129,"column":36}},"98":{"start":{"line":130,"column":26},"end":{"line":130,"column":49}},"99":{"start":{"line":131,"column":12},"end":{"line":142,"column":null}},"100":{"start":{"line":132,"column":30},"end":{"line":132,"column":49}},"101":{"start":{"line":133,"column":29},"end":{"line":133,"column":49}},"102":{"start":{"line":134,"column":16},"end":{"line":136,"column":null}},"103":{"start":{"line":135,"column":20},"end":{"line":135,"column":41}},"104":{"start":{"line":138,"column":36},"end":{"line":138,"column":52}},"105":{"start":{"line":139,"column":16},"end":{"line":141,"column":null}},"106":{"start":{"line":140,"column":20},"end":{"line":140,"column":49}},"107":{"start":{"line":144,"column":25},"end":{"line":144,"column":27}},"108":{"start":{"line":145,"column":8},"end":{"line":148,"column":null}},"109":{"start":{"line":147,"column":12},"end":{"line":147,"column":64}},"110":{"start":{"line":149,"column":8},"end":{"line":152,"column":null}},"111":{"start":{"line":151,"column":12},"end":{"line":151,"column":60}},"112":{"start":{"line":153,"column":8},"end":{"line":153,"column":37}},"113":{"start":{"line":156,"column":12},"end":{"line":167,"column":null}},"114":{"start":{"line":157,"column":8},"end":{"line":160,"column":46}},"115":{"start":{"line":160,"column":31},"end":{"line":160,"column":45}},"116":{"start":{"line":161,"column":8},"end":{"line":161,"column":63}},"117":{"start":{"line":161,"column":50},"end":{"line":161,"column":62}},"118":{"start":{"line":162,"column":8},"end":{"line":162,"column":69}},"119":{"start":{"line":162,"column":53},"end":{"line":162,"column":68}},"120":{"start":{"line":163,"column":8},"end":{"line":166,"column":44}},"121":{"start":{"line":166,"column":31},"end":{"line":166,"column":43}},"122":{"start":{"line":169,"column":12},"end":{"line":173,"column":null}},"123":{"start":{"line":169,"column":4},"end":{"line":169,"column":12}},"124":{"start":{"line":170,"column":8},"end":{"line":172,"column":10}},"125":{"start":{"line":171,"column":12},"end":{"line":171,"column":null}},"126":{"start":{"line":171,"column":56},"end":{"line":171,"column":116}},"127":{"start":{"line":175,"column":12},"end":{"line":180,"column":null}},"128":{"start":{"line":176,"column":8},"end":{"line":179,"column":11}},"129":{"start":{"line":176,"column":57},"end":{"line":176,"column":135}},"130":{"start":{"line":182,"column":12},"end":{"line":187,"column":null}},"131":{"start":{"line":183,"column":8},"end":{"line":186,"column":11}},"132":{"start":{"line":183,"column":57},"end":{"line":183,"column":135}},"133":{"start":{"line":189,"column":12},"end":{"line":191,"column":null}},"134":{"start":{"line":190,"column":8},"end":{"line":190,"column":126}},"135":{"start":{"line":190,"column":60},"end":{"line":190,"column":121}},"136":{"start":{"line":192,"column":0},"end":{"line":192,"column":null}},"137":{"start":{"line":194,"column":0},"end":{"line":194,"column":28}}},"fnMap":{"0":{"name":"promiseResult","decl":{"start":{"line":6,"column":16},"end":{"line":6,"column":29}},"loc":{"start":{"line":6,"column":49},"end":{"line":8,"column":1}}},"1":{"name":"promiseVoid","decl":{"start":{"line":10,"column":16},"end":{"line":10,"column":27}},"loc":{"start":{"line":10,"column":59},"end":{"line":12,"column":1}}},"2":{"name":"(anonymous_2)","decl":{"start":{"line":10,"column":28},"end":{"line":10,"column":50}},"loc":{"start":{"line":10,"column":28},"end":{"line":10,"column":59}}},"3":{"name":"(anonymous_3)","decl":{"start":{"line":14,"column":0},"end":{"line":14,"column":null}},"loc":{"start":{"line":14,"column":0},"end":{"line":192,"column":null}}},"4":{"name":"StorageProxy","decl":{"start":{"line":29,"column":4},"end":{"line":29,"column":16}},"loc":{"start":{"line":29,"column":79},"end":{"line":64,"column":5}}},"5":{"name":"(anonymous_5)","decl":{"start":{"line":35,"column":21},"end":{"line":35,"column":22}},"loc":{"start":{"line":35,"column":31},"end":{"line":35,"column":54}}},"6":{"name":"(anonymous_6)","decl":{"start":{"line":41,"column":25},"end":{"line":41,"column":32}},"loc":{"start":{"line":41,"column":36},"end":{"line":45,"column":null}}},"7":{"name":"(anonymous_7)","decl":{"start":{"line":41,"column":36},"end":{"line":41,"column":null}},"loc":{"start":{"line":41,"column":36},"end":{"line":45,"column":null}}},"8":{"name":"(anonymous_9)","decl":{"start":{"line":46,"column":22},"end":{"line":46,"column":29}},"loc":{"start":{"line":46,"column":33},"end":{"line":54,"column":null}}},"9":{"name":"(anonymous_10)","decl":{"start":{"line":46,"column":33},"end":{"line":46,"column":null}},"loc":{"start":{"line":46,"column":33},"end":{"line":54,"column":null}}},"10":{"name":"(anonymous_12)","decl":{"start":{"line":55,"column":22},"end":{"line":55,"column":29}},"loc":{"start":{"line":55,"column":56},"end":{"line":60,"column":null}}},"11":{"name":"(anonymous_13)","decl":{"start":{"line":55,"column":56},"end":{"line":55,"column":null}},"loc":{"start":{"line":55,"column":56},"end":{"line":60,"column":null}}},"12":{"name":"(anonymous_15)","decl":{"start":{"line":66,"column":4},"end":{"line":66,"column":11}},"loc":{"start":{"line":66,"column":4},"end":{"line":73,"column":5}}},"13":{"name":"(anonymous_16)","decl":{"start":{"line":67,"column":46},"end":{"line":67,"column":47}},"loc":{"start":{"line":67,"column":66},"end":{"line":68,"column":16}}},"14":{"name":"(anonymous_17)","decl":{"start":{"line":70,"column":22},"end":{"line":70,"column":28}},"loc":{"start":{"line":70,"column":22},"end":{"line":70,"column":32}}},"15":{"name":"(anonymous_18)","decl":{"start":{"line":71,"column":23},"end":{"line":71,"column":29}},"loc":{"start":{"line":71,"column":23},"end":{"line":71,"column":34}}},"16":{"name":"(anonymous_19)","decl":{"start":{"line":75,"column":4},"end":{"line":75,"column":11}},"loc":{"start":{"line":75,"column":4},"end":{"line":88,"column":5}}},"17":{"name":"(anonymous_20)","decl":{"start":{"line":78,"column":18},"end":{"line":78,"column":19}},"loc":{"start":{"line":78,"column":38},"end":{"line":78,"column":47}}},"18":{"name":"(anonymous_21)","decl":{"start":{"line":79,"column":18},"end":{"line":79,"column":19}},"loc":{"start":{"line":79,"column":23},"end":{"line":87,"column":13}}},"19":{"name":"(anonymous_22)","decl":{"start":{"line":90,"column":4},"end":{"line":90,"column":11}},"loc":{"start":{"line":90,"column":28},"end":{"line":103,"column":5}}},"20":{"name":"(anonymous_23)","decl":{"start":{"line":93,"column":12},"end":{"line":93,"column":null}},"loc":{"start":{"line":93,"column":12},"end":{"line":101,"column":13}}},"21":{"name":"(anonymous_24)","decl":{"start":{"line":94,"column":45},"end":{"line":94,"column":46}},"loc":{"start":{"line":94,"column":58},"end":{"line":99,"column":17}}},"22":{"name":"(anonymous_25)","decl":{"start":{"line":107,"column":4},"end":{"line":107,"column":11}},"loc":{"start":{"line":107,"column":47},"end":{"line":113,"column":5}}},"23":{"name":"(anonymous_26)","decl":{"start":{"line":117,"column":4},"end":{"line":117,"column":14}},"loc":{"start":{"line":117,"column":38},"end":{"line":122,"column":5}}},"24":{"name":"(anonymous_27)","decl":{"start":{"line":124,"column":4},"end":{"line":124,"column":11}},"loc":{"start":{"line":124,"column":43},"end":{"line":154,"column":5}}},"25":{"name":"(anonymous_28)","decl":{"start":{"line":156,"column":4},"end":{"line":156,"column":12}},"loc":{"start":{"line":156,"column":4},"end":{"line":167,"column":5}}},"26":{"name":"(anonymous_29)","decl":{"start":{"line":160,"column":20},"end":{"line":160,"column":21}},"loc":{"start":{"line":160,"column":26},"end":{"line":160,"column":32}}},"27":{"name":"(anonymous_30)","decl":{"start":{"line":161,"column":39},"end":{"line":161,"column":40}},"loc":{"start":{"line":161,"column":45},"end":{"line":161,"column":51}}},"28":{"name":"(anonymous_31)","decl":{"start":{"line":162,"column":42},"end":{"line":162,"column":43}},"loc":{"start":{"line":162,"column":48},"end":{"line":162,"column":54}}},"29":{"name":"(anonymous_32)","decl":{"start":{"line":166,"column":20},"end":{"line":166,"column":21}},"loc":{"start":{"line":166,"column":26},"end":{"line":166,"column":32}}},"30":{"name":"(anonymous_33)","decl":{"start":{"line":169,"column":4},"end":{"line":169,"column":12}},"loc":{"start":{"line":169,"column":38},"end":{"line":173,"column":5}}},"31":{"name":"(anonymous_34)","decl":{"start":{"line":170,"column":27},"end":{"line":170,"column":28}},"loc":{"start":{"line":170,"column":31},"end":{"line":171,"column":16}}},"32":{"name":"(anonymous_35)","decl":{"start":{"line":171,"column":31},"end":{"line":171,"column":32}},"loc":{"start":{"line":171,"column":51},"end":{"line":171,"column":57}}},"33":{"name":"(anonymous_36)","decl":{"start":{"line":175,"column":4},"end":{"line":175,"column":12}},"loc":{"start":{"line":175,"column":39},"end":{"line":180,"column":5}}},"34":{"name":"(anonymous_37)","decl":{"start":{"line":176,"column":32},"end":{"line":176,"column":33}},"loc":{"start":{"line":176,"column":52},"end":{"line":176,"column":58}}},"35":{"name":"(anonymous_38)","decl":{"start":{"line":182,"column":4},"end":{"line":182,"column":12}},"loc":{"start":{"line":182,"column":39},"end":{"line":187,"column":5}}},"36":{"name":"(anonymous_39)","decl":{"start":{"line":183,"column":32},"end":{"line":183,"column":33}},"loc":{"start":{"line":183,"column":52},"end":{"line":183,"column":58}}},"37":{"name":"(anonymous_40)","decl":{"start":{"line":189,"column":4},"end":{"line":189,"column":12}},"loc":{"start":{"line":189,"column":30},"end":{"line":191,"column":5}}},"38":{"name":"(anonymous_41)","decl":{"start":{"line":190,"column":35},"end":{"line":190,"column":36}},"loc":{"start":{"line":190,"column":55},"end":{"line":190,"column":61}}}},"branchMap":{"0":{"loc":{"start":{"line":10,"column":28},"end":{"line":10,"column":null}},"type":"if","locations":[{"start":{"line":10,"column":28},"end":{"line":10,"column":null}},{"start":{"line":10,"column":28},"end":{"line":10,"column":null}}]},"1":{"loc":{"start":{"line":29,"column":45},"end":{"line":29,"column":null}},"type":"if","locations":[{"start":{"line":29,"column":45},"end":{"line":29,"column":null}},{"start":{"line":29,"column":45},"end":{"line":29,"column":null}}]},"2":{"loc":{"start":{"line":37,"column":31},"end":{"line":37,"column":70}},"type":"cond-expr","locations":[{"start":{"line":37,"column":31},"end":{"line":37,"column":70}},{"start":{"line":37,"column":73},"end":{"line":37,"column":84}}]},"3":{"loc":{"start":{"line":39,"column":34},"end":{"line":39,"column":67}},"type":"cond-expr","locations":[{"start":{"line":39,"column":34},"end":{"line":39,"column":67}},{"start":{"line":39,"column":70},"end":{"line":39,"column":81}}]},"4":{"loc":{"start":{"line":42,"column":49},"end":{"line":42,"column":56}},"type":"if","locations":[{"start":{"line":42,"column":49},"end":{"line":42,"column":56}},{"start":{"line":42,"column":49},"end":{"line":42,"column":56}}]},"5":{"loc":{"start":{"line":53,"column":16},"end":{"line":53,"column":28}},"type":"switch","locations":[{"start":{"line":53,"column":16},"end":{"line":53,"column":28}}]},"6":{"loc":{"start":{"line":48,"column":49},"end":{"line":48,"column":56}},"type":"if","locations":[{"start":{"line":48,"column":49},"end":{"line":48,"column":56}},{"start":{"line":48,"column":49},"end":{"line":48,"column":56}}]},"7":{"loc":{"start":{"line":56,"column":50},"end":{"line":56,"column":57}},"type":"if","locations":[{"start":{"line":56,"column":50},"end":{"line":56,"column":57}},{"start":{"line":56,"column":50},"end":{"line":56,"column":57}}]},"8":{"loc":{"start":{"line":96,"column":20},"end":{"line":98,"column":null}},"type":"if","locations":[{"start":{"line":96,"column":20},"end":{"line":98,"column":null}},{"start":{"line":96,"column":20},"end":{"line":98,"column":null}}]},"9":{"loc":{"start":{"line":108,"column":8},"end":{"line":111,"column":null}},"type":"if","locations":[{"start":{"line":108,"column":8},"end":{"line":111,"column":null}},{"start":{"line":108,"column":8},"end":{"line":111,"column":null}}]},"10":{"loc":{"start":{"line":118,"column":8},"end":{"line":120,"column":null}},"type":"if","locations":[{"start":{"line":118,"column":8},"end":{"line":120,"column":null}},{"start":{"line":118,"column":8},"end":{"line":120,"column":null}}]},"11":{"loc":{"start":{"line":131,"column":12},"end":{"line":142,"column":null}},"type":"if","locations":[{"start":{"line":131,"column":12},"end":{"line":142,"column":null}},{"start":{"line":131,"column":12},"end":{"line":142,"column":null}}]},"12":{"loc":{"start":{"line":134,"column":16},"end":{"line":136,"column":null}},"type":"if","locations":[{"start":{"line":134,"column":16},"end":{"line":136,"column":null}},{"start":{"line":134,"column":16},"end":{"line":136,"column":null}}]},"13":{"loc":{"start":{"line":139,"column":16},"end":{"line":141,"column":null}},"type":"if","locations":[{"start":{"line":139,"column":16},"end":{"line":141,"column":null}},{"start":{"line":139,"column":16},"end":{"line":141,"column":null}}]},"14":{"loc":{"start":{"line":145,"column":8},"end":{"line":148,"column":null}},"type":"if","locations":[{"start":{"line":145,"column":8},"end":{"line":148,"column":null}},{"start":{"line":145,"column":8},"end":{"line":148,"column":null}}]},"15":{"loc":{"start":{"line":149,"column":8},"end":{"line":152,"column":null}},"type":"if","locations":[{"start":{"line":149,"column":8},"end":{"line":152,"column":null}},{"start":{"line":149,"column":8},"end":{"line":152,"column":null}}]},"16":{"loc":{"start":{"line":171,"column":73},"end":{"line":171,"column":85}},"type":"cond-expr","locations":[{"start":{"line":171,"column":73},"end":{"line":171,"column":85}},{"start":{"line":171,"column":88},"end":{"line":171,"column":113}}]},"17":{"loc":{"start":{"line":176,"column":74},"end":{"line":176,"column":86}},"type":"cond-expr","locations":[{"start":{"line":176,"column":74},"end":{"line":176,"column":86}},{"start":{"line":176,"column":89},"end":{"line":176,"column":132}}]},"18":{"loc":{"start":{"line":183,"column":74},"end":{"line":183,"column":86}},"type":"cond-expr","locations":[{"start":{"line":183,"column":74},"end":{"line":183,"column":86}},{"start":{"line":183,"column":89},"end":{"line":183,"column":132}}]},"19":{"loc":{"start":{"line":190,"column":77},"end":{"line":190,"column":89}},"type":"cond-expr","locations":[{"start":{"line":190,"column":77},"end":{"line":190,"column":89}},{"start":{"line":190,"column":92},"end":{"line":190,"column":118}}]}},"s":{"0":1,"1":1,"2":1,"3":7,"4":1,"5":8,"6":4,"7":4,"8":1,"9":1,"10":9,"11":9,"12":9,"13":9,"14":9,"15":9,"16":9,"17":9,"18":9,"19":9,"20":12,"21":9,"22":9,"23":9,"24":9,"25":5,"26":5,"27":10,"28":5,"29":10,"30":5,"31":7,"32":7,"33":7,"34":12,"35":7,"36":5,"37":5,"38":5,"39":5,"40":5,"41":7,"42":4,"43":4,"44":8,"45":4,"46":4,"47":8,"48":4,"49":9,"50":1,"51":2,"52":2,"53":2,"54":2,"55":0,"56":1,"57":9,"58":9,"59":9,"60":9,"61":9,"62":9,"63":9,"64":5,"65":5,"66":5,"67":5,"68":5,"69":9,"70":1,"71":0,"72":0,"73":0,"74":0,"75":0,"76":0,"77":0,"78":0,"79":0,"80":0,"81":1,"82":20206,"83":5,"84":5,"85":20201,"86":1,"87":7083,"88":2,"89":7081,"90":1,"91":12,"92":12,"93":12,"94":12,"95":12,"96":12,"97":20068,"98":20068,"99":20068,"100":13065,"101":13065,"102":13065,"103":13065,"104":7003,"105":7003,"106":7003,"107":12,"108":12,"109":6,"110":12,"111":8,"112":12,"113":1,"114":9,"115":21,"116":9,"117":21,"118":9,"119":21,"120":9,"121":21,"122":1,"123":11,"124":11,"125":10,"126":14,"127":1,"128":13065,"129":26131,"130":1,"131":5,"132":11,"133":1,"134":7003,"135":7004,"136":1,"137":1},"f":{"0":7,"1":4,"2":4,"3":1,"4":9,"5":12,"6":5,"7":5,"8":7,"9":7,"10":4,"11":4,"12":2,"13":2,"14":2,"15":0,"16":9,"17":9,"18":9,"19":0,"20":0,"21":0,"22":20206,"23":7083,"24":12,"25":9,"26":21,"27":21,"28":21,"29":21,"30":11,"31":10,"32":14,"33":13065,"34":26131,"35":5,"36":11,"37":7003,"38":7004},"b":{"0":[4,0],"1":[0,9],"2":[9,0],"3":[9,0],"4":[5,5],"5":[7],"6":[7,5],"7":[4,4],"8":[0,0],"9":[5,20201],"10":[2,7081],"11":[13065,7003],"12":[13065,0],"13":[7003,0],"14":[6,6],"15":[8,4],"16":[3,11],"17":[0,26131],"18":[0,11],"19":[0,7004]}}
,"C:\\dev\\GIT\\TEMP\\github\\wora\\packages\\cache-persist\\src\\layers\\jsonSerialize.ts": {"path":"C:\\dev\\GIT\\TEMP\\github\\wora\\packages\\cache-persist\\src\\layers\\jsonSerialize.ts","statementMap":{"0":{"start":{"line":2,"column":0},"end":{"line":2,"column":42}},"1":{"start":{"line":4,"column":30},"end":{"line":4,"column":106}},"2":{"start":{"line":4,"column":54},"end":{"line":4,"column":77}},"3":{"start":{"line":4,"column":88},"end":{"line":4,"column":106}},"4":{"start":{"line":6,"column":0},"end":{"line":6,"column":29}}},"fnMap":{"0":{"name":"(anonymous_0)","decl":{"start":{"line":4,"column":43},"end":{"line":4,"column":44}},"loc":{"start":{"line":4,"column":49},"end":{"line":4,"column":58}}},"1":{"name":"(anonymous_1)","decl":{"start":{"line":4,"column":77},"end":{"line":4,"column":78}},"loc":{"start":{"line":4,"column":83},"end":{"line":4,"column":92}}}},"branchMap":{},"s":{"0":1,"1":1,"2":13065,"3":5,"4":1},"f":{"0":13065,"1":5},"b":{}}
,"C:\\dev\\GIT\\TEMP\\github\\wora\\packages\\cache-persist\\src\\layers\\mutateValues.ts": {"path":"C:\\dev\\GIT\\TEMP\\github\\wora\\packages\\cache-persist\\src\\layers\\mutateValues.ts","statementMap":{"0":{"start":{"line":4,"column":4},"end":{"line":7,"column":16}},"1":{"start":{"line":5,"column":42},"end":{"line":5,"column":null}},"2":{"start":{"line":6,"column":42},"end":{"line":6,"column":null}},"3":{"start":{"line":10,"column":0},"end":{"line":10,"column":28}}},"fnMap":{"0":{"name":"mutateValues","decl":{"start":{"line":3,"column":9},"end":{"line":3,"column":21}},"loc":{"start":{"line":3,"column":84},"end":{"line":8,"column":1}}},"1":{"name":"(anonymous_1)","decl":{"start":{"line":5,"column":13},"end":{"line":5,"column":14}},"loc":{"start":{"line":5,"column":37},"end":{"line":5,"column":43}}},"2":{"name":"(anonymous_2)","decl":{"start":{"line":6,"column":13},"end":{"line":6,"column":14}},"loc":{"start":{"line":6,"column":37},"end":{"line":6,"column":43}}}},"branchMap":{},"s":{"0":1,"1":13065,"2":5,"3":1},"f":{"0":1,"1":13065,"2":5},"b":{}}
,"C:\\dev\\GIT\\TEMP\\github\\wora\\packages\\cache-persist\\src\\layers\\prefixLayer.ts": {"path":"C:\\dev\\GIT\\TEMP\\github\\wora\\packages\\cache-persist\\src\\layers\\prefixLayer.ts","statementMap":{"0":{"start":{"line":2,"column":13},"end":{"line":2,"column":36}},"1":{"start":{"line":4,"column":37},"end":{"line":4,"column":null}},"2":{"start":{"line":5,"column":22},"end":{"line":5,"column":40}},"3":{"start":{"line":6,"column":4},"end":{"line":11,"column":16}},"4":{"start":{"line":7,"column":42},"end":{"line":7,"column":null}},"5":{"start":{"line":8,"column":42},"end":{"line":8,"column":null}},"6":{"start":{"line":9,"column":33},"end":{"line":9,"column":null}},"7":{"start":{"line":10,"column":32},"end":{"line":10,"column":null}},"8":{"start":{"line":14,"column":0},"end":{"line":14,"column":27}}},"fnMap":{"0":{"name":"prefixLayer","decl":{"start":{"line":4,"column":9},"end":{"line":4,"column":20}},"loc":{"start":{"line":4,"column":73},"end":{"line":12,"column":1}}},"1":{"name":"(anonymous_1)","decl":{"start":{"line":7,"column":13},"end":{"line":7,"column":14}},"loc":{"start":{"line":7,"column":37},"end":{"line":7,"column":43}}},"2":{"name":"(anonymous_2)","decl":{"start":{"line":8,"column":13},"end":{"line":8,"column":14}},"loc":{"start":{"line":8,"column":37},"end":{"line":8,"column":43}}},"3":{"name":"(anonymous_3)","decl":{"start":{"line":9,"column":16},"end":{"line":9,"column":17}},"loc":{"start":{"line":9,"column":28},"end":{"line":9,"column":42}}},"4":{"name":"(anonymous_4)","decl":{"start":{"line":10,"column":15},"end":{"line":10,"column":16}},"loc":{"start":{"line":10,"column":27},"end":{"line":10,"column":33}}}},"branchMap":{"0":{"loc":{"start":{"line":4,"column":37},"end":{"line":4,"column":null}},"type":"if","locations":[{"start":{"line":4,"column":37},"end":{"line":4,"column":null}},{"start":{"line":4,"column":37},"end":{"line":4,"column":null}}]},"1":{"loc":{"start":{"line":10,"column":61},"end":{"line":10,"column":88}},"type":"cond-expr","locations":[{"start":{"line":10,"column":61},"end":{"line":10,"column":88}},{"start":{"line":10,"column":91},"end":{"line":10,"column":95}}]}},"s":{"0":1,"1":24,"2":12,"3":12,"4":13066,"5":6,"6":7004,"7":11,"8":1},"f":{"0":12,"1":13066,"2":6,"3":7004,"4":11},"b":{"0":[12,0],"1":[8,3]}}
}
