TN:
SF:C:\dev\GIT\TEMP\github\wora\packages\cache-persist\src\Cache.ts
FN:6,(anonymous_0)
FN:14,Cache
FN:22,(anonymous_2)
FN:30,(anonymous_3)
FN:37,(anonymous_4)
FN:41,(anonymous_5)
FN:47,(anonymous_6)
FN:52,(anonymous_7)
FN:58,(anonymous_8)
FN:63,(anonymous_9)
FN:68,(anonymous_10)
FN:73,(anonymous_11)
FN:77,(anonymous_12)
FN:81,(anonymous_13)
FN:89,(anonymous_14)
FN:96,(anonymous_15)
FN:102,(anonymous_16)
FN:107,(anonymous_17)
FN:111,(anonymous_18)
FN:113,(anonymous_19)
FN:118,(anonymous_20)
FN:120,(anonymous_21)
FNF:22
FNH:18
FNDA:1,(anonymous_0)
FNDA:11,Cache
FNDA:0,(anonymous_2)
FNDA:0,(anonymous_3)
FNDA:15,(anonymous_4)
FNDA:10,(anonymous_5)
FNDA:10,(anonymous_6)
FNDA:0,(anonymous_7)
FNDA:1,(anonymous_8)
FNDA:4,(anonymous_9)
FNDA:0,(anonymous_10)
FNDA:16,(anonymous_11)
FNDA:3,(anonymous_12)
FNDA:13079,(anonymous_13)
FNDA:20210,(anonymous_14)
FNDA:40,(anonymous_15)
FNDA:7085,(anonymous_16)
FNDA:12,(anonymous_17)
FNDA:1,(anonymous_18)
FNDA:1,(anonymous_19)
FNDA:3,(anonymous_20)
FNDA:2,(anonymous_21)
DA:1,1
DA:2,1
DA:4,1
DA:6,1
DA:8,11
DA:9,11
DA:10,11
DA:14,14
DA:16,22
DA:17,22
DA:18,22
DA:19,22
DA:20,22
DA:21,22
DA:22,22
DA:23,11
DA:25,11
DA:30,0
DA:32,11
DA:33,11
DA:34,11
DA:37,1
DA:38,15
DA:41,10
DA:42,10
DA:43,0
DA:45,10
DA:48,10
DA:49,10
DA:50,10
DA:53,0
DA:55,10
DA:58,1
DA:59,1
DA:60,1
DA:63,1
DA:64,4
DA:65,4
DA:68,1
DA:69,0
DA:73,1
DA:74,16
DA:77,1
DA:78,3
DA:81,1
DA:82,13079
DA:89,40373
DA:90,20210
DA:91,20210
DA:96,80
DA:97,40
DA:102,14167
DA:103,7085
DA:104,7085
DA:107,1
DA:108,12
DA:111,1
DA:112,1
DA:113,1
DA:114,1
DA:115,1
DA:118,6
DA:119,6
DA:120,3
DA:122,1
DA:124,1
LF:66
LH:62
BRDA:14,0,0,3
BRDA:14,0,1,8
BRDA:16,1,0,11
BRDA:16,1,1,0
BRDA:17,2,0,11
BRDA:17,2,1,0
BRDA:18,3,0,8
BRDA:18,3,1,3
BRDA:19,4,0,11
BRDA:19,4,1,0
BRDA:20,5,0,9
BRDA:20,5,1,2
BRDA:21,6,0,5
BRDA:21,6,1,6
BRDA:22,7,0,11
BRDA:22,7,1,0
BRDA:33,8,0,11
BRDA:33,8,1,9
BRDA:34,9,0,2
BRDA:34,9,1,9
BRDA:42,10,0,0
BRDA:42,10,1,10
BRDA:59,11,0,1
BRDA:59,11,1,0
BRDA:89,12,0,20163
BRDA:89,12,1,47
BRDA:96,13,0,40
BRDA:96,13,1,0
BRDA:102,14,0,7082
BRDA:102,14,1,3
BRDA:118,15,0,3
BRDA:118,15,1,0
BRDA:119,16,0,3
BRDA:119,16,1,0
BRDA:119,17,0,3
BRDA:119,17,1,0
BRF:36
BRH:26
end_of_record
TN:
SF:C:\dev\GIT\TEMP\github\wora\packages\cache-persist\src\NoStorageProxy.ts
FN:4,(anonymous_0)
FN:5,(anonymous_2)
FN:6,(anonymous_3)
FN:9,(anonymous_4)
FN:10,(anonymous_5)
FN:15,(anonymous_6)
FN:21,(anonymous_7)
FN:29,(anonymous_8)
FNF:8
FNH:8
FNDA:3,(anonymous_0)
FNDA:2,(anonymous_2)
FNDA:2,(anonymous_3)
FNDA:1,(anonymous_4)
FNDA:1,(anonymous_5)
FNDA:1,(anonymous_6)
FNDA:4,(anonymous_7)
FNDA:2,(anonymous_8)
DA:2,1
DA:4,1
DA:5,1
DA:6,2
DA:9,1
DA:10,1
DA:11,1
DA:15,1
DA:16,1
DA:21,1
DA:22,4
DA:23,2
DA:29,1
DA:30,2
DA:31,1
DA:34,1
DA:36,1
LF:17
LH:17
BRDA:22,0,0,2
BRDA:22,0,1,2
BRDA:30,1,0,1
BRDA:30,1,1,1
BRF:4
BRH:4
end_of_record
TN:
SF:C:\dev\GIT\TEMP\github\wora\packages\cache-persist\src\Queue.ts
FN:90,Queue
FN:100,(anonymous_1)
FN:102,invokeFunc
FN:107,(anonymous_3)
FN:115,(anonymous_4)
FN:121,(anonymous_5)
FN:129,timerExpired
FN:136,clear
FN:142,cancelTimer
FN:148,setNextTimer
FN:153,debounced
FN:161,push
FN:164,(anonymous_12)
FNF:13
FNH:11
FNDA:9,Queue
FNDA:0,(anonymous_1)
FNDA:12,invokeFunc
FNDA:12,(anonymous_3)
FNDA:0,(anonymous_4)
FNDA:12,(anonymous_5)
FNDA:12,timerExpired
FNDA:12,clear
FNDA:36,cancelTimer
FNDA:24,setNextTimer
FNDA:27289,debounced
FNDA:27289,push
FNDA:7,(anonymous_12)
DA:91,9
DA:92,9
DA:99,9
DA:100,18
DA:103,12
DA:105,12
DA:106,12
DA:108,12
DA:109,7
DA:116,0
DA:117,0
DA:119,0
DA:122,12
DA:123,12
DA:124,0
DA:130,12
DA:131,12
DA:133,12
DA:137,12
DA:138,12
DA:139,12
DA:143,36
DA:144,24
DA:145,24
DA:149,24
DA:150,24
DA:154,27289
DA:155,12
DA:162,27289
DA:164,7
DA:165,7
DA:166,7
DA:173,27289
DA:174,27289
DA:175,27289
DA:176,7
DA:180,9
DA:185,1
LF:38
LH:34
BRDA:100,0,0,9
BRDA:100,0,1,0
BRDA:100,1,0,0
BRDA:100,1,1,9
BRDA:108,2,0,7
BRDA:108,2,1,5
BRDA:116,3,0,0
BRDA:116,3,1,0
BRDA:123,4,0,0
BRDA:123,4,1,12
BRDA:130,5,0,12
BRDA:130,5,1,0
BRDA:143,6,0,12
BRDA:143,6,1,24
BRDA:154,7,0,12
BRDA:154,7,1,27277
BRDA:162,8,0,7
BRDA:162,8,1,27282
BRDA:162,9,0,27289
BRDA:162,9,1,27289
BRDA:175,10,0,7
BRDA:175,10,1,27282
BRF:22
BRH:16
end_of_record
TN:
SF:C:\dev\GIT\TEMP\github\wora\packages\cache-persist\src\StorageProxy.ts
FN:6,promiseResult
FN:10,promiseVoid
FN:10,(anonymous_2)
FN:14,(anonymous_3)
FN:29,StorageProxy
FN:35,(anonymous_5)
FN:41,(anonymous_6)
FN:41,(anonymous_7)
FN:46,(anonymous_9)
FN:46,(anonymous_10)
FN:55,(anonymous_12)
FN:55,(anonymous_13)
FN:66,(anonymous_15)
FN:67,(anonymous_16)
FN:70,(anonymous_17)
FN:71,(anonymous_18)
FN:75,(anonymous_19)
FN:78,(anonymous_20)
FN:79,(anonymous_21)
FN:90,(anonymous_22)
FN:93,(anonymous_23)
FN:94,(anonymous_24)
FN:107,(anonymous_25)
FN:117,(anonymous_26)
FN:124,(anonymous_27)
FN:156,(anonymous_28)
FN:160,(anonymous_29)
FN:161,(anonymous_30)
FN:162,(anonymous_31)
FN:166,(anonymous_32)
FN:169,(anonymous_33)
FN:170,(anonymous_34)
FN:171,(anonymous_35)
FN:175,(anonymous_36)
FN:176,(anonymous_37)
FN:182,(anonymous_38)
FN:183,(anonymous_39)
FN:189,(anonymous_40)
FN:190,(anonymous_41)
FNF:39
FNH:35
FNDA:7,promiseResult
FNDA:4,promiseVoid
FNDA:4,(anonymous_2)
FNDA:1,(anonymous_3)
FNDA:9,StorageProxy
FNDA:12,(anonymous_5)
FNDA:5,(anonymous_6)
FNDA:5,(anonymous_7)
FNDA:7,(anonymous_9)
FNDA:7,(anonymous_10)
FNDA:4,(anonymous_12)
FNDA:4,(anonymous_13)
FNDA:2,(anonymous_15)
FNDA:2,(anonymous_16)
FNDA:2,(anonymous_17)
FNDA:0,(anonymous_18)
FNDA:9,(anonymous_19)
FNDA:9,(anonymous_20)
FNDA:9,(anonymous_21)
FNDA:0,(anonymous_22)
FNDA:0,(anonymous_23)
FNDA:0,(anonymous_24)
FNDA:20206,(anonymous_25)
FNDA:7083,(anonymous_26)
FNDA:12,(anonymous_27)
FNDA:9,(anonymous_28)
FNDA:21,(anonymous_29)
FNDA:21,(anonymous_30)
FNDA:21,(anonymous_31)
FNDA:21,(anonymous_32)
FNDA:11,(anonymous_33)
FNDA:10,(anonymous_34)
FNDA:14,(anonymous_35)
FNDA:13065,(anonymous_36)
FNDA:26131,(anonymous_37)
FNDA:5,(anonymous_38)
FNDA:11,(anonymous_39)
FNDA:7003,(anonymous_40)
FNDA:7004,(anonymous_41)
DA:1,1
DA:2,1
DA:4,1
DA:6,1
DA:7,7
DA:10,8
DA:11,4
DA:14,1
DA:16,9
DA:29,9
DA:30,9
DA:31,9
DA:32,9
DA:35,12
DA:37,9
DA:38,9
DA:39,9
DA:40,9
DA:41,5
DA:42,10
DA:43,10
DA:46,7
DA:47,7
DA:48,12
DA:49,5
DA:50,5
DA:51,5
DA:53,7
DA:55,4
DA:56,8
DA:57,4
DA:58,8
DA:63,9
DA:66,2
DA:67,2
DA:68,2
DA:70,2
DA:71,0
DA:75,9
DA:76,9
DA:78,9
DA:80,9
DA:81,9
DA:82,5
DA:83,5
DA:84,5
DA:86,9
DA:90,1
DA:91,0
DA:92,0
DA:94,0
DA:95,0
DA:96,0
DA:97,0
DA:100,0
DA:107,1
DA:108,20206
DA:109,5
DA:110,5
DA:112,20201
DA:117,1
DA:118,7083
DA:119,2
DA:121,7081
DA:124,1
DA:125,12
DA:126,12
DA:127,12
DA:128,12
DA:129,20068
DA:130,20068
DA:131,20068
DA:132,13065
DA:133,13065
DA:134,13065
DA:135,13065
DA:138,7003
DA:139,7003
DA:140,7003
DA:144,12
DA:145,12
DA:147,6
DA:149,12
DA:151,8
DA:153,12
DA:156,1
DA:157,9
DA:160,21
DA:161,21
DA:162,21
DA:163,9
DA:166,21
DA:169,11
DA:170,11
DA:171,14
DA:175,1
DA:176,26131
DA:182,1
DA:183,11
DA:189,1
DA:190,7004
DA:192,1
DA:194,1
LF:103
LH:95
BRDA:10,0,0,4
BRDA:10,0,1,0
BRDA:29,1,0,0
BRDA:29,1,1,9
BRDA:37,2,0,9
BRDA:37,2,1,0
BRDA:39,3,0,9
BRDA:39,3,1,0
BRDA:42,4,0,5
BRDA:42,4,1,5
BRDA:53,5,0,7
BRDA:48,6,0,7
BRDA:48,6,1,5
BRDA:56,7,0,4
BRDA:56,7,1,4
BRDA:96,8,0,0
BRDA:96,8,1,0
BRDA:108,9,0,5
BRDA:108,9,1,20201
BRDA:118,10,0,2
BRDA:118,10,1,7081
BRDA:131,11,0,13065
BRDA:131,11,1,7003
BRDA:134,12,0,13065
BRDA:134,12,1,0
BRDA:139,13,0,7003
BRDA:139,13,1,0
BRDA:145,14,0,6
BRDA:145,14,1,6
BRDA:149,15,0,8
BRDA:149,15,1,4
BRDA:171,16,0,3
BRDA:171,16,1,11
BRDA:176,17,0,0
BRDA:176,17,1,26131
BRDA:183,18,0,0
BRDA:183,18,1,11
BRDA:190,19,0,0
BRDA:190,19,1,7004
BRF:39
BRH:28
end_of_record
TN:
SF:C:\dev\GIT\TEMP\github\wora\packages\cache-persist\src\layers\jsonSerialize.ts
FN:4,(anonymous_0)
FN:4,(anonymous_1)
FNF:2
FNH:2
FNDA:13065,(anonymous_0)
FNDA:5,(anonymous_1)
DA:2,1
DA:4,13065
DA:6,1
LF:3
LH:3
BRF:0
BRH:0
end_of_record
TN:
SF:C:\dev\GIT\TEMP\github\wora\packages\cache-persist\src\layers\mutateValues.ts
FN:3,mutateValues
FN:5,(anonymous_1)
FN:6,(anonymous_2)
FNF:3
FNH:3
FNDA:1,mutateValues
FNDA:13065,(anonymous_1)
FNDA:5,(anonymous_2)
DA:4,1
DA:5,13065
DA:6,5
DA:10,1
LF:4
LH:4
BRF:0
BRH:0
end_of_record
TN:
SF:C:\dev\GIT\TEMP\github\wora\packages\cache-persist\src\layers\prefixLayer.ts
FN:4,prefixLayer
FN:7,(anonymous_1)
FN:8,(anonymous_2)
FN:9,(anonymous_3)
FN:10,(anonymous_4)
FNF:5
FNH:5
FNDA:12,prefixLayer
FNDA:13066,(anonymous_1)
FNDA:6,(anonymous_2)
FNDA:7004,(anonymous_3)
FNDA:11,(anonymous_4)
DA:2,1
DA:4,24
DA:5,12
DA:6,12
DA:7,13066
DA:8,6
DA:9,7004
DA:10,11
DA:14,1
LF:9
LH:9
BRDA:4,0,0,12
BRDA:4,0,1,0
BRDA:10,1,0,8
BRDA:10,1,1,3
BRF:4
BRH:3
end_of_record
